{"/home/aza/projects/exemples/weather-app/src/components/Card.jsx": {"path":"/home/aza/projects/exemples/weather-app/src/components/Card.jsx","statementMap":{"0":{"start":{"line":6,"column":20},"end":{"line":37,"column":1}},"1":{"start":{"line":7,"column":18},"end":{"line":7,"column":56}},"2":{"start":{"line":8,"column":16},"end":{"line":8,"column":62}},"3":{"start":{"line":10,"column":2},"end":{"line":36,"column":4}}},"fnMap":{"0":{"name":"(anonymous_0)","decl":{"start":{"line":6,"column":20},"end":{"line":6,"column":21}},"loc":{"start":{"line":6,"column":53},"end":{"line":37,"column":1}},"line":6}},"branchMap":{"0":{"loc":{"start":{"line":11,"column":18},"end":{"line":11,"column":32}},"type":"cond-expr","locations":[{"start":{"line":11,"column":24},"end":{"line":11,"column":27}},{"start":{"line":11,"column":30},"end":{"line":11,"column":32}}],"line":11},"1":{"loc":{"start":{"line":23,"column":9},"end":{"line":23,"column":38}},"type":"binary-expr","locations":[{"start":{"line":23,"column":9},"end":{"line":23,"column":12}},{"start":{"line":23,"column":16},"end":{"line":23,"column":38}}],"line":23},"2":{"loc":{"start":{"line":24,"column":9},"end":{"line":24,"column":38}},"type":"binary-expr","locations":[{"start":{"line":24,"column":9},"end":{"line":24,"column":15}},{"start":{"line":24,"column":19},"end":{"line":24,"column":38}}],"line":24}},"s":{"0":3,"1":2,"2":2,"3":2},"f":{"0":2},"b":{"0":[0,2],"1":[2,0],"2":[2,0]},"_coverageSchema":"1a1c01bbd47fc00a2c39e90264f33305004495a9","hash":"8c5d439ef7d2f3da90defeb97beb3a38404d3b40"}
,"/home/aza/projects/exemples/weather-app/src/components/Container.jsx": {"path":"/home/aza/projects/exemples/weather-app/src/components/Container.jsx","statementMap":{"0":{"start":{"line":6,"column":14},"end":{"line":10,"column":1}},"1":{"start":{"line":12,"column":20},"end":{"line":12,"column":70}},"2":{"start":{"line":13,"column":12},"end":{"line":13,"column":21}},"3":{"start":{"line":14,"column":12},"end":{"line":14,"column":21}},"4":{"start":{"line":15,"column":13},"end":{"line":15,"column":56}},"5":{"start":{"line":16,"column":12},"end":{"line":16,"column":46}},"6":{"start":{"line":17,"column":14},"end":{"line":17,"column":22}},"7":{"start":{"line":19,"column":2},"end":{"line":20,"column":69}},"8":{"start":{"line":22,"column":25},"end":{"line":121,"column":1}},"9":{"start":{"line":23,"column":34},"end":{"line":23,"column":49}},"10":{"start":{"line":24,"column":26},"end":{"line":24,"column":41}},"11":{"start":{"line":25,"column":28},"end":{"line":25,"column":40}},"12":{"start":{"line":27,"column":2},"end":{"line":40,"column":9}},"13":{"start":{"line":28,"column":4},"end":{"line":39,"column":8}},"14":{"start":{"line":29,"column":21},"end":{"line":29,"column":31}},"15":{"start":{"line":32,"column":10},"end":{"line":32,"column":28}},"16":{"start":{"line":33,"column":10},"end":{"line":33,"column":32}},"17":{"start":{"line":36,"column":10},"end":{"line":36,"column":28}},"18":{"start":{"line":37,"column":10},"end":{"line":37,"column":26}},"19":{"start":{"line":42,"column":2},"end":{"line":120,"column":3}},"20":{"start":{"line":43,"column":4},"end":{"line":57,"column":6}},"21":{"start":{"line":58,"column":9},"end":{"line":120,"column":3}},"22":{"start":{"line":59,"column":4},"end":{"line":71,"column":6}},"23":{"start":{"line":73,"column":4},"end":{"line":119,"column":6}},"24":{"start":{"line":106,"column":16},"end":{"line":113,"column":18}}},"fnMap":{"0":{"name":"(anonymous_0)","decl":{"start":{"line":22,"column":25},"end":{"line":22,"column":26}},"loc":{"start":{"line":22,"column":31},"end":{"line":121,"column":1}},"line":22},"1":{"name":"(anonymous_1)","decl":{"start":{"line":27,"column":12},"end":{"line":27,"column":13}},"loc":{"start":{"line":27,"column":18},"end":{"line":40,"column":3}},"line":27},"2":{"name":"(anonymous_2)","decl":{"start":{"line":29,"column":12},"end":{"line":29,"column":13}},"loc":{"start":{"line":29,"column":21},"end":{"line":29,"column":31}},"line":29},"3":{"name":"(anonymous_3)","decl":{"start":{"line":31,"column":8},"end":{"line":31,"column":9}},"loc":{"start":{"line":31,"column":20},"end":{"line":34,"column":9}},"line":31},"4":{"name":"(anonymous_4)","decl":{"start":{"line":35,"column":8},"end":{"line":35,"column":9}},"loc":{"start":{"line":35,"column":19},"end":{"line":38,"column":9}},"line":35},"5":{"name":"(anonymous_5)","decl":{"start":{"line":105,"column":36},"end":{"line":105,"column":37}},"loc":{"start":{"line":105,"column":56},"end":{"line":114,"column":15}},"line":105}},"branchMap":{"0":{"loc":{"start":{"line":42,"column":2},"end":{"line":120,"column":3}},"type":"if","locations":[{"start":{"line":42,"column":2},"end":{"line":120,"column":3}},{"start":{"line":42,"column":2},"end":{"line":120,"column":3}}],"line":42},"1":{"loc":{"start":{"line":58,"column":9},"end":{"line":120,"column":3}},"type":"if","locations":[{"start":{"line":58,"column":9},"end":{"line":120,"column":3}},{"start":{"line":58,"column":9},"end":{"line":120,"column":3}}],"line":58}},"s":{"0":1,"1":1,"2":1,"3":1,"4":1,"5":1,"6":1,"7":1,"8":1,"9":1,"10":1,"11":1,"12":1,"13":0,"14":0,"15":0,"16":0,"17":0,"18":0,"19":1,"20":0,"21":1,"22":1,"23":0,"24":0},"f":{"0":1,"1":0,"2":0,"3":0,"4":0,"5":0},"b":{"0":[0,1],"1":[1,0]},"_coverageSchema":"1a1c01bbd47fc00a2c39e90264f33305004495a9","hash":"d0b1be04c77952cdac993bdfda3e9d71861a637e"}
,"/home/aza/projects/exemples/weather-app/src/components/DayWeather.jsx": {"path":"/home/aza/projects/exemples/weather-app/src/components/DayWeather.jsx","statementMap":{"0":{"start":{"line":5,"column":20},"end":{"line":5,"column":70}},"1":{"start":{"line":6,"column":12},"end":{"line":6,"column":21}},"2":{"start":{"line":7,"column":12},"end":{"line":7,"column":21}},"3":{"start":{"line":8,"column":13},"end":{"line":8,"column":55}},"4":{"start":{"line":9,"column":12},"end":{"line":9,"column":46}},"5":{"start":{"line":10,"column":14},"end":{"line":10,"column":22}},"6":{"start":{"line":12,"column":2},"end":{"line":13,"column":69}},"7":{"start":{"line":15,"column":26},"end":{"line":91,"column":1}},"8":{"start":{"line":16,"column":16},"end":{"line":16,"column":27}},"9":{"start":{"line":17,"column":34},"end":{"line":17,"column":49}},"10":{"start":{"line":18,"column":26},"end":{"line":18,"column":38}},"11":{"start":{"line":19,"column":28},"end":{"line":19,"column":40}},"12":{"start":{"line":20,"column":16},"end":{"line":20,"column":34}},"13":{"start":{"line":21,"column":2},"end":{"line":34,"column":9}},"14":{"start":{"line":22,"column":4},"end":{"line":33,"column":8}},"15":{"start":{"line":23,"column":21},"end":{"line":23,"column":31}},"16":{"start":{"line":26,"column":10},"end":{"line":26,"column":28}},"17":{"start":{"line":27,"column":10},"end":{"line":27,"column":33}},"18":{"start":{"line":30,"column":10},"end":{"line":30,"column":28}},"19":{"start":{"line":31,"column":10},"end":{"line":31,"column":26}},"20":{"start":{"line":35,"column":2},"end":{"line":90,"column":3}},"21":{"start":{"line":36,"column":4},"end":{"line":50,"column":6}},"22":{"start":{"line":51,"column":9},"end":{"line":90,"column":3}},"23":{"start":{"line":52,"column":4},"end":{"line":64,"column":6}},"24":{"start":{"line":66,"column":4},"end":{"line":89,"column":6}},"25":{"start":{"line":79,"column":10},"end":{"line":86,"column":12}}},"fnMap":{"0":{"name":"(anonymous_0)","decl":{"start":{"line":15,"column":26},"end":{"line":15,"column":27}},"loc":{"start":{"line":15,"column":32},"end":{"line":91,"column":1}},"line":15},"1":{"name":"(anonymous_1)","decl":{"start":{"line":21,"column":12},"end":{"line":21,"column":13}},"loc":{"start":{"line":21,"column":18},"end":{"line":34,"column":3}},"line":21},"2":{"name":"(anonymous_2)","decl":{"start":{"line":23,"column":12},"end":{"line":23,"column":13}},"loc":{"start":{"line":23,"column":21},"end":{"line":23,"column":31}},"line":23},"3":{"name":"(anonymous_3)","decl":{"start":{"line":25,"column":8},"end":{"line":25,"column":9}},"loc":{"start":{"line":25,"column":20},"end":{"line":28,"column":9}},"line":25},"4":{"name":"(anonymous_4)","decl":{"start":{"line":29,"column":8},"end":{"line":29,"column":9}},"loc":{"start":{"line":29,"column":19},"end":{"line":32,"column":9}},"line":29},"5":{"name":"(anonymous_5)","decl":{"start":{"line":78,"column":30},"end":{"line":78,"column":31}},"loc":{"start":{"line":78,"column":50},"end":{"line":87,"column":9}},"line":78}},"branchMap":{"0":{"loc":{"start":{"line":35,"column":2},"end":{"line":90,"column":3}},"type":"if","locations":[{"start":{"line":35,"column":2},"end":{"line":90,"column":3}},{"start":{"line":35,"column":2},"end":{"line":90,"column":3}}],"line":35},"1":{"loc":{"start":{"line":51,"column":9},"end":{"line":90,"column":3}},"type":"if","locations":[{"start":{"line":51,"column":9},"end":{"line":90,"column":3}},{"start":{"line":51,"column":9},"end":{"line":90,"column":3}}],"line":51}},"s":{"0":2,"1":2,"2":2,"3":2,"4":2,"5":2,"6":2,"7":2,"8":1,"9":1,"10":1,"11":1,"12":1,"13":1,"14":0,"15":0,"16":0,"17":0,"18":0,"19":0,"20":1,"21":0,"22":1,"23":1,"24":0,"25":0},"f":{"0":1,"1":0,"2":0,"3":0,"4":0,"5":0},"b":{"0":[0,1],"1":[1,0]},"_coverageSchema":"1a1c01bbd47fc00a2c39e90264f33305004495a9","hash":"a054c252193d576055f64b2a33f3ec252399dcc9"}
}
